{
  "stats": {
    "suites": 1,
    "tests": 9,
    "passes": 9,
    "pending": 0,
    "failures": 0,
    "start": "2024-09-26T11:31:01.873Z",
    "end": "2024-09-26T11:31:06.158Z",
    "duration": 4285,
    "testsRegistered": 9,
    "passPercent": 100,
    "pendingPercent": 0,
    "other": 0,
    "hasOther": false,
    "skipped": 0,
    "hasSkipped": false
  },
  "results": [
    {
      "uuid": "a6706ce0-6dce-4ad1-907a-cb964614badf",
      "title": "",
      "fullFile": "cypress\\e2e\\e2eApiCalls.cy.ts",
      "file": "cypress\\e2e\\e2eApiCalls.cy.ts",
      "beforeHooks": [],
      "afterHooks": [],
      "tests": [],
      "suites": [
        {
          "uuid": "765486f8-0afe-4b94-addb-c147a45dd89d",
          "title": "Simple Books API with list of books, new orders, update orders and delete orders",
          "fullFile": "",
          "file": "",
          "beforeHooks": [],
          "afterHooks": [],
          "tests": [
            {
              "title": "Submit an Order",
              "fullTitle": "Simple Books API with list of books, new orders, update orders and delete orders Submit an Order",
              "timedOut": null,
              "duration": 977,
              "state": "passed",
              "speed": "fast",
              "pass": true,
              "fail": false,
              "pending": false,
              "context": null,
              "code": "// Submit an order and fetch oder details and pass to next testcases\nconst orderNum = new orderObjects_1.submitOrder(authToken);\norderNum.makeOrderSubmit().then(function ($order) {\n    cy.log(\"order number\", $order);\n    orderNumber = $order;\n    console.log(orderNumber);\n});",
              "err": {},
              "uuid": "f9b27b49-ea8f-4e0c-acce-b6acd38d5f2a",
              "parentUUID": "765486f8-0afe-4b94-addb-c147a45dd89d",
              "isHook": false,
              "skipped": false
            },
            {
              "title": "List of books",
              "fullTitle": "Simple Books API with list of books, new orders, update orders and delete orders List of books",
              "timedOut": null,
              "duration": 354,
              "state": "passed",
              "speed": "fast",
              "pass": true,
              "fail": false,
              "pending": false,
              "context": null,
              "code": "//List of books available in API\ncallsOnBooks.getListOfBooks(200, 6);",
              "err": {},
              "uuid": "16a5c8f0-fedb-4129-8480-59af24f6659a",
              "parentUUID": "765486f8-0afe-4b94-addb-c147a45dd89d",
              "isHook": false,
              "skipped": false
            },
            {
              "title": "Get a single book",
              "fullTitle": "Simple Books API with list of books, new orders, update orders and delete orders Get a single book",
              "timedOut": null,
              "duration": 369,
              "state": "passed",
              "speed": "fast",
              "pass": true,
              "fail": false,
              "pending": false,
              "context": null,
              "code": "//get single book information based on bookid\ncallsOnBooks.getSingleBook(1, 200);",
              "err": {},
              "uuid": "7ec3b947-bfa8-4401-9c88-e8ca84021b15",
              "parentUUID": "765486f8-0afe-4b94-addb-c147a45dd89d",
              "isHook": false,
              "skipped": false
            },
            {
              "title": "Error on exceeding the list ",
              "fullTitle": "Simple Books API with list of books, new orders, update orders and delete orders Error on exceeding the list ",
              "timedOut": null,
              "duration": 273,
              "state": "passed",
              "speed": "fast",
              "pass": true,
              "fail": false,
              "pending": false,
              "context": null,
              "code": "//error upon exceeding limit of book list\ncallsOnBooks.getSingleBook(7, 404);",
              "err": {},
              "uuid": "a9a5d744-a805-462e-9cca-8a310627c80f",
              "parentUUID": "765486f8-0afe-4b94-addb-c147a45dd89d",
              "isHook": false,
              "skipped": false
            },
            {
              "title": "Get all orders",
              "fullTitle": "Simple Books API with list of books, new orders, update orders and delete orders Get all orders",
              "timedOut": null,
              "duration": 281,
              "state": "passed",
              "speed": "fast",
              "pass": true,
              "fail": false,
              "pending": false,
              "context": null,
              "code": "// Get all orders\ncallsOnOrders.getAllOrders(authToken);",
              "err": {},
              "uuid": "f607a97b-d86d-4cbf-ba9d-bd65a6a2da2d",
              "parentUUID": "765486f8-0afe-4b94-addb-c147a45dd89d",
              "isHook": false,
              "skipped": false
            },
            {
              "title": "Get an order",
              "fullTitle": "Simple Books API with list of books, new orders, update orders and delete orders Get an order",
              "timedOut": null,
              "duration": 381,
              "state": "passed",
              "speed": "fast",
              "pass": true,
              "fail": false,
              "pending": false,
              "context": null,
              "code": "//Getting an order response\ncallsOnOrders.getOrder(authToken, orderNumber, 'SAIKA');",
              "err": {},
              "uuid": "4beb8909-8046-4b92-991a-881d5d144b52",
              "parentUUID": "765486f8-0afe-4b94-addb-c147a45dd89d",
              "isHook": false,
              "skipped": false
            },
            {
              "title": "Update an order",
              "fullTitle": "Simple Books API with list of books, new orders, update orders and delete orders Update an order",
              "timedOut": null,
              "duration": 408,
              "state": "passed",
              "speed": "fast",
              "pass": true,
              "fail": false,
              "pending": false,
              "context": null,
              "code": "//Getting response\ncallsOnOrders.updatingAnOrder(authToken, orderNumber, 'SAI');",
              "err": {},
              "uuid": "9911da52-59b4-4009-a847-a3b0c3ea55b6",
              "parentUUID": "765486f8-0afe-4b94-addb-c147a45dd89d",
              "isHook": false,
              "skipped": false
            },
            {
              "title": "Get an order after update",
              "fullTitle": "Simple Books API with list of books, new orders, update orders and delete orders Get an order after update",
              "timedOut": null,
              "duration": 439,
              "state": "passed",
              "speed": "fast",
              "pass": true,
              "fail": false,
              "pending": false,
              "context": null,
              "code": "//Getting response\ncallsOnOrders.getOrder(authToken, orderNumber, 'SAI');",
              "err": {},
              "uuid": "a0f20701-85f3-41f8-8d30-164fbf401660",
              "parentUUID": "765486f8-0afe-4b94-addb-c147a45dd89d",
              "isHook": false,
              "skipped": false
            },
            {
              "title": "Delete order after update",
              "fullTitle": "Simple Books API with list of books, new orders, update orders and delete orders Delete order after update",
              "timedOut": null,
              "duration": 482,
              "state": "passed",
              "speed": "fast",
              "pass": true,
              "fail": false,
              "pending": false,
              "context": null,
              "code": "//Getting response\ncallsOnOrders.deleteAnOrder(authToken, orderNumber);",
              "err": {},
              "uuid": "bcf02898-df6c-4f43-8a84-4a07d98d3917",
              "parentUUID": "765486f8-0afe-4b94-addb-c147a45dd89d",
              "isHook": false,
              "skipped": false
            }
          ],
          "suites": [],
          "passes": [
            "f9b27b49-ea8f-4e0c-acce-b6acd38d5f2a",
            "16a5c8f0-fedb-4129-8480-59af24f6659a",
            "7ec3b947-bfa8-4401-9c88-e8ca84021b15",
            "a9a5d744-a805-462e-9cca-8a310627c80f",
            "f607a97b-d86d-4cbf-ba9d-bd65a6a2da2d",
            "4beb8909-8046-4b92-991a-881d5d144b52",
            "9911da52-59b4-4009-a847-a3b0c3ea55b6",
            "a0f20701-85f3-41f8-8d30-164fbf401660",
            "bcf02898-df6c-4f43-8a84-4a07d98d3917"
          ],
          "failures": [],
          "pending": [],
          "skipped": [],
          "duration": 3964,
          "root": false,
          "rootEmpty": false,
          "_timeout": 2000
        }
      ],
      "passes": [],
      "failures": [],
      "pending": [],
      "skipped": [],
      "duration": 0,
      "root": true,
      "rootEmpty": true,
      "_timeout": 2000
    }
  ],
  "meta": {
    "mocha": {
      "version": "7.0.1"
    },
    "mochawesome": {
      "options": {
        "quiet": false,
        "reportFilename": "mochawesome",
        "saveHtml": false,
        "saveJson": true,
        "consoleReporter": "spec",
        "useInlineDiffs": false,
        "code": true
      },
      "version": "7.1.3"
    },
    "marge": {
      "options": {
        "overwrite": false,
        "html": false,
        "json": true,
        "reportDir": "cypress\\reports\\html\\.jsons"
      },
      "version": "6.2.0"
    }
  }
}