{
  "stats": {
    "suites": 1,
    "tests": 9,
    "passes": 9,
    "pending": 0,
    "failures": 0,
    "start": "2024-09-26T11:31:48.348Z",
    "end": "2024-09-26T11:31:54.390Z",
    "duration": 6042,
    "testsRegistered": 9,
    "passPercent": 100,
    "pendingPercent": 0,
    "other": 0,
    "hasOther": false,
    "skipped": 0,
    "hasSkipped": false
  },
  "results": [
    {
      "uuid": "59bff652-a686-46a5-9358-dc2f4e58d00c",
      "title": "",
      "fullFile": "cypress\\e2e\\e2eApiCalls.cy.ts",
      "file": "cypress\\e2e\\e2eApiCalls.cy.ts",
      "beforeHooks": [],
      "afterHooks": [],
      "tests": [],
      "suites": [
        {
          "uuid": "2456d828-ebc4-443b-a986-af970fe2433f",
          "title": "Simple Books API with list of books, new orders, update orders and delete orders",
          "fullFile": "",
          "file": "",
          "beforeHooks": [],
          "afterHooks": [],
          "tests": [
            {
              "title": "Submit an Order",
              "fullTitle": "Simple Books API with list of books, new orders, update orders and delete orders Submit an Order",
              "timedOut": null,
              "duration": 2244,
              "state": "passed",
              "speed": "fast",
              "pass": true,
              "fail": false,
              "pending": false,
              "context": null,
              "code": "// Submit an order and fetch oder details and pass to next testcases\nconst orderNum = new orderObjects_1.submitOrder(authToken);\norderNum.makeOrderSubmit().then(function ($order) {\n    cy.log(\"order number\", $order);\n    orderNumber = $order;\n    console.log(orderNumber);\n});",
              "err": {},
              "uuid": "ff4cf66e-debe-42c9-aa5f-3058ab6ea3b2",
              "parentUUID": "2456d828-ebc4-443b-a986-af970fe2433f",
              "isHook": false,
              "skipped": false
            },
            {
              "title": "List of books",
              "fullTitle": "Simple Books API with list of books, new orders, update orders and delete orders List of books",
              "timedOut": null,
              "duration": 287,
              "state": "passed",
              "speed": "fast",
              "pass": true,
              "fail": false,
              "pending": false,
              "context": null,
              "code": "//List of books available in API\ncallsOnBooks.getListOfBooks(200, 6);",
              "err": {},
              "uuid": "97019fe5-cf14-4386-849c-ba6355785f86",
              "parentUUID": "2456d828-ebc4-443b-a986-af970fe2433f",
              "isHook": false,
              "skipped": false
            },
            {
              "title": "Get a single book",
              "fullTitle": "Simple Books API with list of books, new orders, update orders and delete orders Get a single book",
              "timedOut": null,
              "duration": 283,
              "state": "passed",
              "speed": "fast",
              "pass": true,
              "fail": false,
              "pending": false,
              "context": null,
              "code": "//get single book information based on bookid\ncallsOnBooks.getSingleBook(1, 200);",
              "err": {},
              "uuid": "771378b2-5ee0-45e5-a503-e5121cdafc7e",
              "parentUUID": "2456d828-ebc4-443b-a986-af970fe2433f",
              "isHook": false,
              "skipped": false
            },
            {
              "title": "Error on exceeding the list ",
              "fullTitle": "Simple Books API with list of books, new orders, update orders and delete orders Error on exceeding the list ",
              "timedOut": null,
              "duration": 369,
              "state": "passed",
              "speed": "fast",
              "pass": true,
              "fail": false,
              "pending": false,
              "context": null,
              "code": "//error upon exceeding limit of book list\ncallsOnBooks.getSingleBook(7, 404);",
              "err": {},
              "uuid": "2dfe022f-8bf8-4c19-9e66-0d5ccd87ad8c",
              "parentUUID": "2456d828-ebc4-443b-a986-af970fe2433f",
              "isHook": false,
              "skipped": false
            },
            {
              "title": "Get all orders",
              "fullTitle": "Simple Books API with list of books, new orders, update orders and delete orders Get all orders",
              "timedOut": null,
              "duration": 305,
              "state": "passed",
              "speed": "fast",
              "pass": true,
              "fail": false,
              "pending": false,
              "context": null,
              "code": "// Get all orders\ncallsOnOrders.getAllOrders(authToken);",
              "err": {},
              "uuid": "9897ebf2-9c5a-4681-b257-17b75bb5d70d",
              "parentUUID": "2456d828-ebc4-443b-a986-af970fe2433f",
              "isHook": false,
              "skipped": false
            },
            {
              "title": "Get an order",
              "fullTitle": "Simple Books API with list of books, new orders, update orders and delete orders Get an order",
              "timedOut": null,
              "duration": 343,
              "state": "passed",
              "speed": "fast",
              "pass": true,
              "fail": false,
              "pending": false,
              "context": null,
              "code": "//Getting an order response\ncallsOnOrders.getOrder(authToken, orderNumber, 'SAIKA');",
              "err": {},
              "uuid": "b0234bd1-197a-4f07-87af-fef114f7bd2e",
              "parentUUID": "2456d828-ebc4-443b-a986-af970fe2433f",
              "isHook": false,
              "skipped": false
            },
            {
              "title": "Update an order",
              "fullTitle": "Simple Books API with list of books, new orders, update orders and delete orders Update an order",
              "timedOut": null,
              "duration": 996,
              "state": "passed",
              "speed": "fast",
              "pass": true,
              "fail": false,
              "pending": false,
              "context": null,
              "code": "//Getting response\ncallsOnOrders.updatingAnOrder(authToken, orderNumber, 'SAI');",
              "err": {},
              "uuid": "49a910a0-7522-4a99-8cf1-37d2ce07e0c6",
              "parentUUID": "2456d828-ebc4-443b-a986-af970fe2433f",
              "isHook": false,
              "skipped": false
            },
            {
              "title": "Get an order after update",
              "fullTitle": "Simple Books API with list of books, new orders, update orders and delete orders Get an order after update",
              "timedOut": null,
              "duration": 374,
              "state": "passed",
              "speed": "fast",
              "pass": true,
              "fail": false,
              "pending": false,
              "context": null,
              "code": "//Getting response\ncallsOnOrders.getOrder(authToken, orderNumber, 'SAI');",
              "err": {},
              "uuid": "c5706be8-5af2-4f4b-82c3-bdf8eb473317",
              "parentUUID": "2456d828-ebc4-443b-a986-af970fe2433f",
              "isHook": false,
              "skipped": false
            },
            {
              "title": "Delete order after update",
              "fullTitle": "Simple Books API with list of books, new orders, update orders and delete orders Delete order after update",
              "timedOut": null,
              "duration": 476,
              "state": "passed",
              "speed": "fast",
              "pass": true,
              "fail": false,
              "pending": false,
              "context": null,
              "code": "//Getting response\ncallsOnOrders.deleteAnOrder(authToken, orderNumber);",
              "err": {},
              "uuid": "045f129e-7210-4391-9f23-9c84f8e99551",
              "parentUUID": "2456d828-ebc4-443b-a986-af970fe2433f",
              "isHook": false,
              "skipped": false
            }
          ],
          "suites": [],
          "passes": [
            "ff4cf66e-debe-42c9-aa5f-3058ab6ea3b2",
            "97019fe5-cf14-4386-849c-ba6355785f86",
            "771378b2-5ee0-45e5-a503-e5121cdafc7e",
            "2dfe022f-8bf8-4c19-9e66-0d5ccd87ad8c",
            "9897ebf2-9c5a-4681-b257-17b75bb5d70d",
            "b0234bd1-197a-4f07-87af-fef114f7bd2e",
            "49a910a0-7522-4a99-8cf1-37d2ce07e0c6",
            "c5706be8-5af2-4f4b-82c3-bdf8eb473317",
            "045f129e-7210-4391-9f23-9c84f8e99551"
          ],
          "failures": [],
          "pending": [],
          "skipped": [],
          "duration": 5677,
          "root": false,
          "rootEmpty": false,
          "_timeout": 2000
        }
      ],
      "passes": [],
      "failures": [],
      "pending": [],
      "skipped": [],
      "duration": 0,
      "root": true,
      "rootEmpty": true,
      "_timeout": 2000
    }
  ],
  "meta": {
    "mocha": {
      "version": "7.0.1"
    },
    "mochawesome": {
      "options": {
        "quiet": false,
        "reportFilename": "mochawesome",
        "saveHtml": false,
        "saveJson": true,
        "consoleReporter": "spec",
        "useInlineDiffs": false,
        "code": true
      },
      "version": "7.1.3"
    },
    "marge": {
      "options": {
        "overwrite": false,
        "html": false,
        "json": true,
        "reportDir": "cypress\\reports\\html\\.jsons"
      },
      "version": "6.2.0"
    }
  }
}